Precalc, max 128 split one fact
-------------------------------
Final Abstraction:
[[0, 0, 0, 0, 0, 0, 0, 1, 0, 0, 0, 0], [0, 0, 2, 1, 0], [0, 0, 0, 0, 0], [0, 0, 0, 0, 0], [0, 0, 0, 0, 0], [0, 0, 1, 2, 0], [0, 0, 0, 0, 0], [0, 0, 0, 2, 1], [0, 0, 0, 0, 0], [0, 0, 0, 0, 0], [0, 0, 0, 0, 0], [0, 0, 0, 0, 0], [1, 0]]
[t=0.00985656s, 87828 KB] #Abstract States: 108

-> optimal solution

same but other choice:
Final Abstraction:
[[0, 0, 0, 0, 1, 0, 0, 2, 0, 0, 0, 0], [0, 0, 0, 1, 0], [0, 0, 0, 0, 0], [0, 0, 0, 0, 0], [0, 0, 0, 0, 0], [0, 0, 0, 0, 0], [0, 0, 0, 0, 0], [0, 0, 0, 2, 1], [0, 0, 0, 0, 0], [0, 0, 0, 0, 0], [0, 0, 0, 1, 2], [0, 0, 0, 0, 0], [1, 0]]
[t=0.00909027s, 87828 KB] #Abstract States: 108

-> not optimal solution



Precalc split all facts, max 128
-----------------------------------

Final Abstraction:
[[0, 0, 0, 0, 0, 0, 0, 1, 0, 2, 0, 0], [0, 0, 1, 0, 0], [0, 0, 0, 0, 0], [0, 0, 0, 0, 0], [0, 0, 0, 0, 0], [0, 0, 0, 0, 0], [0, 0, 0, 0, 0], [0, 0, 3, 2, 1], [0, 0, 0, 0, 0], [0, 0, 0, 0, 0], [0, 0, 0, 1, 0], [0, 0, 0, 0, 0], [1, 0]]
[t=0.0064442s, 87828 KB] #Abstract States: 96
Init heuristic value 1.

-> not optimal solution

Not precalc, split all facts
----------------------------
Final Abstraction:
[[0, 0, 0, 0, 0, 0, 0, 1, 0, 2, 0, 0], [0, 0, 1, 0, 0], [0, 0, 0, 0, 0], [0, 0, 0, 0, 0], [0, 0, 0, 0, 0], [0, 0, 0, 0, 0], [0, 0, 0, 0, 0], [0, 0, 3, 2, 1], [0, 0, 0, 0, 0], [0, 0, 0, 0, 0], [0, 0, 0, 1, 0], [0, 0, 0, 0, 0], [1, 0]]
[t=0.00632832s, 87828 KB] #Abstract States: 96
Init heuristic value 6.

-> Optimal solution

=> Flaw in precalculation